<?xml version="1.0" encoding="UTF-8"?>
<!-- Generated by org.testng.reporters.JUnitReportReporter -->
<testsuite skipped="0" hostname="Rshrestha" name="com.learning.selenium.MortgageCalculaorTests" tests="1" failures="0" timestamp="26 Mar 2020 18:49:33 GMT" time="42.640" errors="0">
  <testcase name="buyAHomeTest" time="42.640" classname="com.learning.selenium.MortgageCalculaorTests"/>
</testsuite> <!-- com.learning.selenium.MortgageCalculaorTests -->
